[2021-05-25 21:35:34,884] > Got a message from (totalbooy) : (Выбрать интересы)
[2021-05-25 21:35:36,023] > Got a message from (totalbooy) : (Музеи)
[2021-05-25 21:35:37,058] > Got a message from (totalbooy) : (Назад)
[2021-05-25 21:35:37,862] > Got a message from (totalbooy) : (Помощь)
[2021-05-25 21:35:37,863] > Send help to (totalbooy)
[2021-05-25 22:26:17,943] > Got a message from (totalbooy) : (Узнать интересную информацию)
[2021-05-25 22:26:17,946] > Send some info to (totalbooy)
[2021-05-25 22:26:39,262] > Got a message from (totalbooy) : (Узнать интересную информацию)
[2021-05-25 22:26:39,264] > Send some info to (totalbooy)
[2021-05-25 23:01:54,113] > Got a message from (totalbooy) : (Узнать интересную информацию)
[2021-05-25 23:01:54,114] > Send some info to (totalbooy)
[2021-05-25 23:02:26,822] > Got a message from (totalbooy) : (Узнать интересную информацию)
[2021-05-25 23:02:26,824] > Send some info to (totalbooy)
[2021-05-25 23:06:09,278] > Got a message from (totalbooy) : (Узнать интересную информацию)
[2021-05-25 23:06:09,279] > Send some info to (totalbooy)
[2021-05-25 23:06:49,676] > Got a message from (totalbooy) : (Узнать интересную информацию)
[2021-05-25 23:06:49,677] > Send some info to (totalbooy)
[2021-05-25 23:18:34,986] > Got a message from (totalbooy) : (Узнать интересную информацию)
[2021-05-25 23:18:34,987] > Send some info to (totalbooy)
[2021-05-25 23:19:00,446] > Got a message from (totalbooy) : (Узнать интересную информацию)
[2021-05-25 23:19:00,447] > Send some info to (totalbooy)
[2021-05-25 23:19:48,592] > Got a message from (totalbooy) : (Узнать интересную информацию)
[2021-05-25 23:19:48,593] > Send some info to (totalbooy)
[2021-05-25 23:23:55,276] > Start chatting with (totalbooy)
[2021-05-25 23:24:03,625] > Got a message from (totalbooy) : (Помощь)
[2021-05-25 23:24:03,626] > Send help to (totalbooy)
[2021-05-25 23:24:07,976] > Got a message from (totalbooy) : (Узнать интересную информацию)
[2021-05-25 23:24:07,977] > Send some info to (totalbooy)
[2021-05-25 23:24:09,775] > (totalbooy set rating (1) to doc(0))
[2021-05-25 23:24:48,604] > Start chatting with (totalbooy)
[2021-05-25 23:24:49,977] > Got a message from (totalbooy) : (Узнать интересную информацию)
[2021-05-25 23:24:49,978] > Send some info to (totalbooy)
[2021-05-25 23:24:50,899] > (totalbooy set rating (1) to doc(0))
[2021-05-25 23:35:18,093] > Got a message from (totalbooy) : (Привет)
[2021-05-25 23:35:18,094] > Start chatting with (totalbooy)
[2021-05-25 23:35:20,628] > Got a message from (totalbooy) : (Выбрать интересы ⚙️)
[2021-05-25 23:35:23,925] > Got a message from (totalbooy) : (Помощь 💊)
[2021-05-25 23:35:23,926] > Send help to (totalbooy)
[2021-05-25 23:35:48,642] > Got a message from (totalbooy) : (Выбрать интересы ⚙️)
[2021-05-25 23:35:51,115] > Got a message from (totalbooy) : (Назад)
[2021-05-25 23:35:53,007] > Got a message from (totalbooy) : (Узнать интересную информацию 👀)
[2021-05-25 23:35:53,007] > Send some info to (totalbooy)
[2021-05-25 23:35:54,477] > (totalbooy set rating (3) to doc(0))
[2021-05-25 23:35:59,317] > Got a message from (totalbooy) : (Сбросить интересы)
[2021-05-25 23:35:59,317] > Reset interests of (totalbooy)
[2021-05-26 00:24:26,910] > Start chatting with (totalbooy)
[2021-05-26 00:24:28,875] > Got a message from (totalbooy) : (Выбрать интересы ⚙️)
[2021-05-26 00:24:30,384] > Got a message from (totalbooy) : (Мифология)
[2021-05-26 00:24:31,418] > Got a message from (totalbooy) : (Театры)
[2021-05-26 00:24:32,453] > Got a message from (totalbooy) : (5-7 лет)
[2021-05-26 00:24:34,070] > Got a message from (totalbooy) : (Назад)
[2021-05-26 04:17:20,695] > Got a message from (totalbooy) : (Узнать интересную информацию 👀)
[2021-05-26 04:17:20,696] > Send some info to (totalbooy)
[2021-05-26 04:19:00,132] > Got a message from (totalbooy) : (Узнать интересную информацию 👀)
[2021-05-26 04:19:00,135] > Send some info to (totalbooy)
[2021-05-26 04:19:31,008] > Got a message from (totalbooy) : (Узнать интересную информацию 👀)
[2021-05-26 04:19:31,009] > Send some info to (totalbooy)
[2021-05-26 05:28:46,828] > Got a message from (totalbooy) : (Узнать интересную информацию 👀)
[2021-05-26 05:28:46,829] > Send some info to (totalbooy)
[2021-05-26 05:29:26,434] > Got a message from (totalbooy) : (Узнать интересную информацию 👀)
[2021-05-26 05:29:26,434] > Send some info to (totalbooy)
[2021-05-26 05:29:56,868] > Got a message from (totalbooy) : (Узнать интересную информацию 👀)
[2021-05-26 05:29:56,869] > Send some info to (totalbooy)
[2021-05-26 06:07:11,281] > Got a message from (totalbooy) : (Узнать интересную информацию 👀)
[2021-05-26 06:07:11,283] > Send some info to (totalbooy)
[2021-05-26 06:10:03,752] > Got a message from (totalbooy) : (Узнать интересную информацию 👀)
[2021-05-26 06:10:03,753] > Send some info to (totalbooy)
[2021-05-26 06:10:33,622] > Got a message from (totalbooy) : (Узнать интересную информацию 👀)
[2021-05-26 06:10:33,623] > Send some info to (totalbooy)
[2021-05-26 06:14:45,748] > Got a message from (totalbooy) : (Узнать интересную информацию 👀)
[2021-05-26 06:14:45,750] > Send some info to (totalbooy)
[2021-05-26 06:16:21,391] > Got a message from (totalbooy) : (Узнать интересную информацию 👀)
[2021-05-26 06:16:21,392] > Send some info to (totalbooy)
[2021-05-26 06:16:50,496] > Got a message from (totalbooy) : (Узнать интересную информацию 👀)
[2021-05-26 06:16:50,497] > Send some info to (totalbooy)
[2021-05-26 06:17:37,662] > Got a message from (totalbooy) : (Узнать интересную информацию 👀)
[2021-05-26 06:17:37,663] > Send some info to (totalbooy)
[2021-05-26 06:18:57,710] > Got a message from (totalbooy) : (Узнать интересную информацию 👀)
[2021-05-26 06:18:57,713] > Send some info to (totalbooy)
[2021-05-26 06:19:32,364] > Got a message from (totalbooy) : (Узнать интересную информацию 👀)
[2021-05-26 06:19:32,365] > Send some info to (totalbooy)
[2021-05-26 06:19:41,658] > Got a message from (totalbooy) : (Узнать интересную информацию 👀)
[2021-05-26 06:19:41,659] > Send some info to (totalbooy)
[2021-05-26 06:20:34,701] > Got a message from (totalbooy) : (Узнать интересную информацию 👀)
[2021-05-26 06:20:34,703] > Send some info to (totalbooy)
[2021-05-26 06:21:33,697] > Got a message from (totalbooy) : (Узнать интересную информацию 👀)
[2021-05-26 06:21:33,701] > Send some info to (totalbooy)
[2021-05-26 06:22:46,067] > Got a message from (totalbooy) : (Узнать интересную информацию 👀)
[2021-05-26 06:22:46,068] > Send some info to (totalbooy)
[2021-05-26 06:23:14,441] > Got a message from (totalbooy) : (Узнать интересную информацию 👀)
[2021-05-26 06:23:14,442] > Send some info to (totalbooy)
[2021-05-26 06:24:11,508] > Got a message from (totalbooy) : (Узнать интересную информацию 👀)
[2021-05-26 06:24:11,509] > Send some info to (totalbooy)
[2021-05-26 06:26:39,395] > Got a message from (totalbooy) : (Узнать интересную информацию 👀)
[2021-05-26 06:26:39,396] > Send some info to (totalbooy)
[2021-05-26 06:26:41,239] > A request to the Telegram API was unsuccessful. Error code: 409. Description: Conflict: terminated by other getUpdates request; make sure that only one bot instance is running
[2021-05-26 06:27:03,375] > Got a message from (totalbooy) : (Узнать интересную информацию 👀)
[2021-05-26 06:27:03,377] > Send some info to (totalbooy)
[2021-05-26 06:45:41,103] > Got a message from (totalbooy) : (Узнать интересную информацию 👀)
[2021-05-26 06:45:41,104] > Send some info to (totalbooy)
[2021-05-26 06:46:05,221] > Got a message from (totalbooy) : (Узнать интересную информацию 👀)
[2021-05-26 06:46:05,228] > Send some info to (totalbooy)
[2021-05-26 06:48:45,304] > Got a message from (totalbooy) : (Узнать интересную информацию 👀)
[2021-05-26 06:48:45,305] > Send some info to (totalbooy)
[2021-05-26 06:49:11,699] > (totalbooy set rating (5) to doc(30))
[2021-05-26 06:49:37,225] > Got a message from (totalbooy) : (Узнать интересную информацию 👀)
[2021-05-26 06:49:37,225] > Send some info to (totalbooy)
[2021-05-26 06:49:46,288] > (totalbooy set rating (5) to doc(30))
[2021-05-26 06:49:48,758] > Got a message from (totalbooy) : (Узнать интересную информацию 👀)
[2021-05-26 06:49:48,758] > Send some info to (totalbooy)
[2021-05-26 06:49:54,729] > (totalbooy set rating (1) to doc(31))
[2021-05-26 06:49:56,482] > Got a message from (totalbooy) : (Узнать интересную информацию 👀)
[2021-05-26 06:49:56,483] > Send some info to (totalbooy)
[2021-05-26 06:50:01,974] > (totalbooy set rating (4) to doc(1))
[2021-05-26 06:50:05,501] > Got a message from (totalbooy) : (Узнать интересную информацию 👀)
[2021-05-26 06:50:05,502] > Send some info to (totalbooy)
[2021-05-26 06:50:11,410] > Got a message from (totalbooy) : (Сбросить интересы)
[2021-05-26 06:50:11,410] > Reset interests of (totalbooy)
[2021-05-26 06:50:13,382] > Got a message from (totalbooy) : (Выбрать интересы ⚙️)
[2021-05-26 06:50:15,256] > Got a message from (totalbooy) : (Мифология)
[2021-05-26 06:50:23,614] > Got a message from (totalbooy) : (8-13 лет)
[2021-05-26 06:50:24,581] > Got a message from (totalbooy) : (5-7 лет)
[2021-05-26 06:50:26,975] > Got a message from (totalbooy) : (Назад)
[2021-05-26 06:50:28,276] > Got a message from (totalbooy) : (Узнать интересную информацию 👀)
[2021-05-26 06:50:28,277] > Send some info to (totalbooy)
[2021-05-26 06:52:02,118] > Got a message from (totalbooy) : (Узнать интересную информацию 👀)
[2021-05-26 06:52:02,119] > Send some info to (totalbooy)
[2021-05-26 06:52:51,326] > Got a message from (totalbooy) : (Узнать интересную информацию 👀)
[2021-05-26 06:52:51,327] > Send some info to (totalbooy)
[2021-05-26 06:54:53,844] > Got a message from (totalbooy) : (Узнать интересную информацию 👀)
[2021-05-26 06:54:53,845] > Send some info to (totalbooy)
[2021-05-26 06:55:15,917] > Got a message from (totalbooy) : (Узнать интересную информацию 👀)
[2021-05-26 06:55:15,918] > Send some info to (totalbooy)
[2021-05-26 06:56:42,760] > Got a message from (totalbooy) : (Узнать интересную информацию 👀)
[2021-05-26 06:56:42,774] > Send some info to (totalbooy)
[2021-05-26 06:57:28,539] > Got a message from (totalbooy) : (Узнать интересную информацию 👀)
[2021-05-26 06:57:28,540] > Send some info to (totalbooy)
[2021-05-26 08:34:43,999] > Start chatting with (mariia_RF)
[2021-05-26 08:34:44,279] > Added new user(mariia_RF)
[2021-05-26 08:35:21,710] > Got a message from (mariia_RF) : (8-13 лет)
[2021-05-26 08:35:27,331] > Got a message from (mariia_RF) : (Музеи)
[2021-05-26 08:35:31,059] > Got a message from (mariia_RF) : (Развлекательные центры)
[2021-05-26 08:35:34,408] > Got a message from (mariia_RF) : (Назад)
[2021-05-26 08:35:40,553] > Got a message from (mariia_RF) : (Узнать интересную информацию 👀)
[2021-05-26 08:35:40,553] > Send some info to (mariia_RF)
[2021-05-26 08:36:19,774] > (mariia_RF set rating (4) to doc(32))
[2021-05-26 08:36:30,937] > (mariia_RF set rating (4) to doc(32))
[2021-05-26 08:36:39,659] > Got a message from (mariia_RF) : (Узнать интересную информацию 👀)
[2021-05-26 08:36:39,661] > Send some info to (mariia_RF)
[2021-05-26 08:36:50,906] > (mariia_RF set rating (5) to doc(1))
[2021-05-26 08:36:59,006] > Got a message from (mariia_RF) : (Сбросить интересы)
[2021-05-26 08:36:59,007] > Reset interests of (mariia_RF)
[2021-05-26 08:37:02,007] > Got a message from (mariia_RF) : (Помощь 💊)
[2021-05-26 08:37:02,008] > Send help to (mariia_RF)
[2021-05-26 08:37:08,506] > Send help to (mariia_RF)
[2021-05-26 08:37:17,120] > Start chatting with (mariia_RF)
[2021-05-26 08:37:31,354] > Got a message from (mariia_RF) : (Выбрать интересы ⚙️)
[2021-05-26 08:38:24,732] > Start chatting with (totalbooy)
[2021-05-26 08:38:40,308] > Got a message from (mariia_RF) : (5-7 лет)
[2021-05-26 08:39:27,066] > Got a message from (mariia_RF) : (Зоопарки)
[2021-05-26 08:39:29,363] > Got a message from (mariia_RF) : (Назад)
[2021-05-26 08:39:30,810] > Got a message from (mariia_RF) : (Выбрать интересы ⚙️)
[2021-05-26 08:39:32,188] > Got a message from (mariia_RF) : (Назад)
[2021-05-26 08:39:34,515] > Got a message from (mariia_RF) : (Узнать интересную информацию 👀)
[2021-05-26 08:39:34,516] > Send some info to (mariia_RF)
[2021-05-26 08:40:31,533] > Got a message from (mariia_RF) : (Сбросить интересы)
[2021-05-26 08:40:31,534] > Reset interests of (mariia_RF)
[2021-05-26 08:40:33,844] > Got a message from (mariia_RF) : (Выбрать интересы ⚙️)
[2021-05-26 08:40:35,371] > Got a message from (mariia_RF) : (5-7 лет)
[2021-05-26 08:40:37,314] > Got a message from (mariia_RF) : (Назад)
[2021-05-26 08:40:38,775] > Got a message from (mariia_RF) : (Выбрать интересы ⚙️)
[2021-05-26 08:40:40,674] > Got a message from (mariia_RF) : (Назад)
[2021-05-26 08:40:42,393] > Got a message from (mariia_RF) : (Узнать интересную информацию 👀)
[2021-05-26 08:40:42,393] > Send some info to (mariia_RF)
[2021-05-26 08:40:45,405] > (mariia_RF set rating (5) to doc(1))
[2021-05-26 08:40:47,160] > Got a message from (mariia_RF) : (Узнать интересную информацию 👀)
[2021-05-26 08:40:47,161] > Send some info to (mariia_RF)
[2021-05-26 08:42:15,006] > Got a message from (mariia_RF) : (Узнать интересную информацию 👀)
[2021-05-26 08:42:15,007] > Send some info to (mariia_RF)
[2021-05-26 08:44:14,272] > (mariia_RF set rating (5) to doc(2))
[2021-05-26 08:44:20,825] > Got a message from (mariia_RF) : (Узнать интересную информацию 👀)
[2021-05-26 08:44:20,825] > Send some info to (mariia_RF)
[2021-05-26 08:44:46,628] > (mariia_RF set rating (4) to doc(3))
[2021-05-26 08:44:47,239] > (mariia_RF set rating (4) to doc(3))
[2021-05-26 08:44:51,319] > Got a message from (mariia_RF) : (Узнать интересную информацию 👀)
[2021-05-26 08:44:51,320] > Send some info to (mariia_RF)
[2021-05-26 08:45:02,252] > (mariia_RF set rating (5) to doc(4))
[2021-05-26 08:45:06,900] > Got a message from (mariia_RF) : (Узнать интересную информацию 👀)
[2021-05-26 08:45:06,901] > Send some info to (mariia_RF)
[2021-05-26 08:45:22,157] > (mariia_RF set rating (4) to doc(5))
[2021-05-26 08:45:24,645] > Got a message from (mariia_RF) : (Узнать интересную информацию 👀)
[2021-05-26 08:45:24,646] > Send some info to (mariia_RF)
[2021-05-26 08:45:29,522] > (mariia_RF set rating (5) to doc(6))
[2021-05-26 08:45:33,068] > Got a message from (mariia_RF) : (Узнать интересную информацию 👀)
[2021-05-26 08:45:33,069] > Send some info to (mariia_RF)
[2021-05-26 08:45:38,953] > (mariia_RF set rating (5) to doc(7))
[2021-05-26 08:45:40,496] > Got a message from (mariia_RF) : (Узнать интересную информацию 👀)
[2021-05-26 08:45:40,497] > Send some info to (mariia_RF)
[2021-05-26 08:45:54,490] > (mariia_RF set rating (3) to doc(8))
[2021-05-26 08:45:58,102] > Got a message from (mariia_RF) : (Узнать интересную информацию 👀)
[2021-05-26 08:45:58,103] > Send some info to (mariia_RF)
[2021-05-30 13:27:49,230] > Got a message from (totalbooy) : (Посмотреть список фактов)
[2021-05-30 13:28:25,348] > Got a message from (totalbooy) : (Посмотреть список фактов)
[2021-05-30 13:29:16,054] > Got a message from (totalbooy) : (Посмотреть список фактов)
[2021-05-30 13:29:29,129] > Got a message from (totalbooy) : (Посмотреть список фактов)
[2021-05-30 13:29:30,348] > Got a message from (totalbooy) : (Посмотреть список тегов)
[2021-05-30 13:29:32,485] > Got a message from (totalbooy) : (Посмотреть список тегов)
[2021-05-30 13:29:33,825] > Got a message from (totalbooy) : (Посмотреть список фактов)
[2021-05-30 13:29:54,141] > Got a message from (totalbooy) : (Посмотреть список фактов)
[2021-05-30 13:31:24,027] > Got a message from (totalbooy) : (Посмотреть список фактов)
[2021-05-30 15:19:59,913] > Got a message from (totalbooy) : (Посмотреть список фактов)
[2021-05-30 15:20:32,087] > Got a message from (totalbooy) : (Посмотреть список фактов)
[2021-05-30 15:23:42,738] > Got a message from (totalbooy) : (Посмотреть список фактов)
[2021-05-30 15:25:05,097] > Got a message from (totalbooy) : (Посмотреть список фактов)
[2021-05-30 15:29:58,949] > Got a message from (totalbooy) : (Посмотреть список фактов)
[2021-05-30 15:30:26,319] > Got a message from (totalbooy) : (Посмотреть список фактов)
[2021-05-30 15:31:21,091] > Got a message from (totalbooy) : (Посмотреть список фактов)
[2021-05-30 15:31:51,714] > Got a message from (totalbooy) : (Посмотреть список фактов)
[2021-05-30 15:32:13,807] > Got a message from (totalbooy) : (Посмотреть список фактов)
[2021-05-30 15:32:20,895] > Got a message from (totalbooy) : (Посмотреть список тегов)
[2021-05-30 15:32:28,158] > Got a message from (totalbooy) : (Добавить факт)
[2021-05-30 15:33:18,862] > Got a message from (totalbooy) : (Добавить факт)
[2021-05-30 15:33:39,254] > Got a message from (totalbooy) : (Добавить факт)
[2021-05-30 18:06:03,881] > Got a message from (totalbooy) : (Посмотреть список тегов)
[2021-05-30 18:28:28,917] > Got a message from (totalbooy) : (Посмотреть список фактов)
[2021-05-30 18:28:40,631] > Got a message from (totalbooy) : (Посмотреть категории интересов)
[2021-05-30 18:28:44,294] > Got a message from (totalbooy) : (Удалить факт)
[2021-05-30 18:28:45,475] > Got a message from (totalbooy) : (Удалить тег)
[2021-05-30 18:28:46,620] > Got a message from (totalbooy) : (Добавить категории интересов у факта)
[2021-05-30 18:28:47,269] > Got a message from (totalbooy) : (Сбросить категории интересов у факта)
[2021-05-30 18:28:48,560] > Got a message from (totalbooy) : (Добавить тег)
[2021-05-30 18:29:06,718] > Got a message from (totalbooy) : (Добавить факт)
[2021-05-30 18:30:09,113] > Got a message from (totalbooy) : (Добавить факт)
[2021-05-30 19:11:29,194] > Got a message from (totalbooy) : (Привет)
[2021-05-30 19:11:29,195] > Start chatting with (totalbooy)
[2021-05-30 19:11:33,179] > Got a message from (totalbooy) : (Выбрать интересы ⚙️)
[2021-05-30 19:11:35,157] > Got a message from (totalbooy) : (Назад)
[2021-05-30 19:11:40,251] > Got a message from (totalbooy) : (Сбросить интересы)
[2021-05-30 19:11:40,251] > Reset interests of (totalbooy)
[2021-05-30 19:11:41,649] > Got a message from (totalbooy) : (Помощь 💊)
[2021-05-30 19:11:41,650] > Send help to (totalbooy)
[2021-05-30 19:11:43,460] > Got a message from (totalbooy) : (Узнать интересную информацию 👀)
[2021-05-30 19:11:43,460] > Send some info to (totalbooy)
[2021-05-30 19:23:22,951] > Got a message from (totalbooy) : (Назад)
[2021-05-30 19:24:06,430] > Got a message from (totalbooy) : (Назад)
[2021-05-30 19:34:11,226] > Got a message from (totalbooy) : (Посмотреть список фактов)
[2021-05-30 19:35:03,162] > Got a message from (totalbooy) : (Посмотреть список фактов)
[2021-05-30 19:35:41,228] > Got a message from (totalbooy) : (Посмотреть список фактов)
[2021-05-30 19:35:45,672] > Got a message from (totalbooy) : (Посмотреть категории интересов)
[2021-05-30 19:36:03,038] > Got a message from (totalbooy) : (Посмотреть категории интересов)
[2021-05-30 19:37:28,231] > Got a message from (totalbooy) : (Назад)
[2021-05-30 19:37:32,867] > Got a message from (totalbooy) : (😇)
[2021-05-30 22:10:10,025] > Got a message from (totalbooy) : (Посмотреть список фактов)
[2021-05-30 22:10:36,570] > Got a message from (totalbooy) : (Показать описание факта)
[2021-05-30 22:10:39,086] > Got a message from (totalbooy) : (Добавить факт)
[2021-05-30 22:10:50,110] > Got a message from (totalbooy) : (Сбросить категории интересов у факта)
[2021-05-30 22:10:56,546] > Got a message from (totalbooy) : (Посмотреть список фактов)
[2021-05-30 22:12:22,321] > Got a message from (totalbooy) : (Посмотреть список фактов)
[2021-05-30 22:12:28,501] > Got a message from (totalbooy) : (Назад)
[2021-05-30 22:12:37,179] > Got a message from (totalbooy) : (Узнать интересную информацию 👀)
[2021-05-30 22:12:37,179] > Send some info to (totalbooy)
[2021-05-30 22:12:44,246] > Got a message from (totalbooy) : (Сбросить интересы)
[2021-05-30 22:12:44,247] > Reset interests of (totalbooy)
[2021-05-30 22:12:45,611] > Got a message from (totalbooy) : (Выбрать интересы ⚙️)
[2021-05-30 22:12:46,992] > Got a message from (totalbooy) : (Мифология)
[2021-05-30 22:12:49,663] > Got a message from (totalbooy) : (Назад)
[2021-05-30 22:12:50,986] > Got a message from (totalbooy) : (Узнать интересную информацию 👀)
[2021-05-30 22:12:50,986] > Send some info to (totalbooy)
[2021-05-30 22:13:03,089] > Got a message from (totalbooy) : (Выбрать интересы ⚙️)
[2021-05-30 22:13:04,301] > Got a message from (totalbooy) : (Мифология)
[2021-05-30 22:14:15,942] > Got a message from (totalbooy) : (Мифология)
[2021-05-30 22:15:45,086] > Got a message from (totalbooy) : (Мифология)
[2021-05-30 22:15:47,309] > Got a message from (totalbooy) : (Назад)
[2021-05-30 22:15:52,157] > Got a message from (totalbooy) : (Узнать интересную информацию 👀)
[2021-05-30 22:15:52,158] > Send some info to (totalbooy)
[2021-05-30 22:16:04,154] > Got a message from (totalbooy) : (Сбросить интересы)
[2021-05-30 22:16:04,154] > Reset interests of (totalbooy)
[2021-05-30 22:16:37,146] > Got a message from (totalbooy) : (Выбрать интересы ⚙️)
[2021-05-30 22:16:38,333] > Got a message from (totalbooy) : (Мифология)
[2021-05-30 22:16:44,627] > Got a message from (totalbooy) : (Назад)
[2021-05-30 22:16:48,063] > Got a message from (totalbooy) : (Узнать интересную информацию 👀)
[2021-05-30 22:16:48,064] > Send some info to (totalbooy)
[2021-05-30 22:17:43,158] > Got a message from (totalbooy) : (Выбрать интересы ⚙️)
[2021-05-30 22:17:44,438] > Got a message from (totalbooy) : (Музеи)
[2021-05-30 22:17:45,916] > Got a message from (totalbooy) : (Назад)
[2021-05-30 22:17:47,584] > Got a message from (totalbooy) : (Узнать интересную информацию 👀)
[2021-05-30 22:17:47,584] > Send some info to (totalbooy)
[2021-05-30 22:17:51,021] > Got a message from (totalbooy) : (Сбросить интересы)
[2021-05-30 22:17:51,022] > Reset interests of (totalbooy)
[2021-05-30 22:17:52,237] > Got a message from (totalbooy) : (Выбрать интересы ⚙️)
[2021-05-30 22:17:53,425] > Got a message from (totalbooy) : (Мифология)
[2021-05-30 22:17:54,617] > Got a message from (totalbooy) : (Назад)
[2021-05-30 22:17:56,094] > Got a message from (totalbooy) : (Узнать интересную информацию 👀)
[2021-05-30 22:17:56,094] > Send some info to (totalbooy)
[2021-05-30 22:18:01,854] > Got a message from (totalbooy) : (Сбросить интересы)
[2021-05-30 22:18:01,854] > Reset interests of (totalbooy)
[2021-05-30 22:18:19,405] > Got a message from (totalbooy) : (Выбрать интересы ⚙️)
[2021-05-30 22:18:20,459] > Got a message from (totalbooy) : (Мифология)
[2021-05-30 22:18:22,065] > Got a message from (totalbooy) : (Назад)
[2021-05-30 22:18:24,757] > Got a message from (totalbooy) : (Узнать интересную информацию 👀)
[2021-05-30 22:18:24,758] > Send some info to (totalbooy)
[2021-05-30 22:20:34,355] > Got a message from (totalbooy) : (Выбрать интересы ⚙️)
[2021-05-30 22:20:35,881] > Got a message from (totalbooy) : (Музеи)
[2021-05-30 22:20:36,914] > Got a message from (totalbooy) : (Назад)
[2021-05-30 22:20:38,204] > Got a message from (totalbooy) : (Узнать интересную информацию 👀)
[2021-05-30 22:20:38,205] > Send some info to (totalbooy)
[2021-05-30 22:21:57,461] > Got a message from (totalbooy) : (Узнать интересную информацию 👀)
[2021-05-30 22:21:57,462] > Send some info to (totalbooy)
[2021-05-30 22:22:13,543] > Got a message from (totalbooy) : (Выбрать интересы ⚙️)
[2021-05-30 22:22:15,236] > Got a message from (totalbooy) : (Назад)
[2021-05-30 22:22:16,118] > Got a message from (totalbooy) : (Сбросить интересы)
[2021-05-30 22:22:16,119] > Reset interests of (totalbooy)
[2021-05-30 22:22:16,598] > Got a message from (totalbooy) : (Выбрать интересы ⚙️)
[2021-05-30 22:22:17,443] > Got a message from (totalbooy) : (Мифология)
[2021-05-30 22:22:18,891] > Got a message from (totalbooy) : (Назад)
[2021-05-30 22:22:19,825] > Got a message from (totalbooy) : (Узнать интересную информацию 👀)
[2021-05-30 22:22:19,826] > Send some info to (totalbooy)
[2021-05-30 22:48:13,544] > Got a message from (totalbooy) : (Выбрать интересы ⚙️)
[2021-05-30 22:48:15,228] > Got a message from (totalbooy) : (Назад)
[2021-05-30 22:48:16,475] > Got a message from (totalbooy) : (Сбросить интересы)
[2021-05-30 22:48:16,476] > Reset interests of (totalbooy)
[2021-05-30 22:48:17,423] > Got a message from (totalbooy) : (Выбрать интересы ⚙️)
[2021-05-30 22:48:18,422] > Got a message from (totalbooy) : (Мифология)
[2021-05-30 22:48:21,633] > Got a message from (totalbooy) : (Назад)
[2021-05-30 22:48:22,780] > Got a message from (totalbooy) : (Узнать интересную информацию 👀)
[2021-05-30 22:48:22,780] > Send some info to (totalbooy)
[2021-05-30 22:48:29,244] > Got a message from (totalbooy) : (Сбросить интересы)
[2021-05-30 22:48:29,244] > Reset interests of (totalbooy)
[2021-05-30 23:03:54,758] > Got a message from (totalbooy) : (Узнать интересную информацию 👀)
[2021-05-30 23:03:54,758] > Send some info to (totalbooy)
[2021-05-30 23:03:56,730] > Got a message from (totalbooy) : (Узнать интересную информацию 👀)
[2021-05-30 23:03:56,731] > Send some info to (totalbooy)
[2021-05-30 23:03:58,021] > Got a message from (totalbooy) : (Узнать интересную информацию 👀)
[2021-05-30 23:03:58,021] > Send some info to (totalbooy)
[2021-05-30 23:04:31,499] > Got a message from (totalbooy) : (Узнать интересную информацию 👀)
[2021-05-30 23:04:31,501] > Send some info to (totalbooy)
[2021-05-30 23:05:01,732] > (totalbooy set rating (2) to doc(1))
[2021-05-30 23:05:54,606] > (totalbooy set rating (2) to doc(1))
[2021-05-30 23:06:10,289] > Got a message from (totalbooy) : (Узнать интересную информацию 👀)
[2021-05-30 23:06:10,289] > Send some info to (totalbooy)
[2021-05-30 23:07:04,086] > A request to the Telegram API was unsuccessful. Error code: 409. Description: Conflict: terminated by other getUpdates request; make sure that only one bot instance is running
[2021-05-30 23:07:06,299] > Got a message from (totalbooy) : (Узнать интересную информацию 👀)
[2021-05-30 23:07:06,300] > Send some info to (totalbooy)
[2021-05-30 23:07:51,528] > Got a message from (totalbooy) : (Узнать интересную информацию 👀)
[2021-05-30 23:07:51,529] > Send some info to (totalbooy)
[2021-05-30 23:19:36,294] > Got a message from (totalbooy) : (Узнать интересную информацию 👀)
[2021-05-30 23:19:36,295] > Send some info to (totalbooy)
[2021-05-30 23:19:49,868] > Got a message from (totalbooy) : (Узнать интересную информацию 👀)
[2021-05-30 23:19:49,868] > Send some info to (totalbooy)
[2021-05-30 23:20:55,871] > Got a message from (totalbooy) : (Узнать интересную информацию 👀)
[2021-05-30 23:20:55,872] > Send some info to (totalbooy)
[2021-05-30 23:21:17,152] > Got a message from (totalbooy) : (Узнать интересную информацию 👀)
[2021-05-30 23:21:17,153] > Send some info to (totalbooy)
[2021-05-30 23:22:20,769] > Got a message from (totalbooy) : (Узнать интересную информацию 👀)
[2021-05-30 23:22:20,770] > Send some info to (totalbooy)
[2021-05-30 23:22:22,275] > Got a message from (totalbooy) : (Узнать интересную информацию 👀)
[2021-05-30 23:22:22,275] > Send some info to (totalbooy)
[2021-05-30 23:22:23,704] > Got a message from (totalbooy) : (Узнать интересную информацию 👀)
[2021-05-30 23:22:23,704] > Send some info to (totalbooy)
[2021-05-30 23:22:31,545] > Got a message from (totalbooy) : (Сбросить интересы)
[2021-05-30 23:22:31,545] > Reset interests of (totalbooy)
[2021-05-30 23:22:32,556] > Got a message from (totalbooy) : (Узнать интересную информацию 👀)
[2021-05-30 23:22:32,556] > Send some info to (totalbooy)
[2021-05-30 23:22:34,318] > Got a message from (totalbooy) : (Узнать интересную информацию 👀)
[2021-05-30 23:22:34,319] > Send some info to (totalbooy)
[2021-05-30 23:22:36,468] > Got a message from (totalbooy) : (Узнать интересную информацию 👀)
[2021-05-30 23:22:36,469] > Send some info to (totalbooy)
[2021-05-30 23:22:38,961] > Got a message from (totalbooy) : (Сбросить интересы)
[2021-05-30 23:22:38,961] > Reset interests of (totalbooy)
[2021-05-31 07:32:57,686] > Got a message from (totalbooy) : (Сбросить интересы)
[2021-05-31 07:32:57,687] > Reset interests of (totalbooy)
[2021-05-31 07:32:58,764] > Got a message from (totalbooy) : (Выбрать интересы ⚙️)
[2021-05-31 07:32:59,722] > Got a message from (totalbooy) : (Мифология)
[2021-05-31 07:33:00,729] > Got a message from (totalbooy) : (Театры)
[2021-05-31 07:33:01,651] > Got a message from (totalbooy) : (Назад)
[2021-05-31 07:33:02,690] > Got a message from (totalbooy) : (Узнать интересную информацию 👀)
[2021-05-31 07:33:02,690] > Send some info to (totalbooy)
[2021-05-31 07:33:04,709] > Got a message from (totalbooy) : (Узнать интересную информацию 👀)
[2021-05-31 07:33:04,709] > Send some info to (totalbooy)
[2021-05-31 07:33:06,522] > Got a message from (totalbooy) : (Узнать интересную информацию 👀)
[2021-05-31 07:33:06,522] > Send some info to (totalbooy)
[2021-05-31 07:33:09,745] > (totalbooy set rating (5) to doc(9))
[2021-05-31 07:33:11,813] > (totalbooy set rating (3) to doc(39))
[2021-05-31 07:33:15,260] > Got a message from (totalbooy) : (Узнать интересную информацию 👀)
[2021-05-31 07:33:15,260] > Send some info to (totalbooy)
[2021-05-31 07:33:17,448] > Got a message from (totalbooy) : (Узнать интересную информацию 👀)
[2021-05-31 07:33:17,448] > Send some info to (totalbooy)
[2021-05-31 07:33:20,735] > Got a message from (totalbooy) : (Сбросить интересы)
[2021-05-31 07:33:20,735] > Reset interests of (totalbooy)
[2021-05-31 07:33:21,864] > Got a message from (totalbooy) : (Узнать интересную информацию 👀)
[2021-05-31 07:33:21,865] > Send some info to (totalbooy)
[2021-05-31 07:33:23,628] > Got a message from (totalbooy) : (Сбросить интересы)
[2021-05-31 07:33:23,629] > Reset interests of (totalbooy)
[2021-05-31 07:33:25,349] > Got a message from (totalbooy) : (Узнать интересную информацию 👀)
[2021-05-31 07:33:25,350] > Send some info to (totalbooy)
[2021-05-31 07:33:26,512] > Got a message from (totalbooy) : (Сбросить интересы)
[2021-05-31 07:33:26,513] > Reset interests of (totalbooy)
[2021-05-31 08:18:58,039] > Got a message from (mariia_RF) : (Посмотреть список фактов)
[2021-05-31 08:19:30,960] > Got a message from (mariia_RF) : (Посмотреть категории интересов)
[2021-05-31 08:19:42,504] > Got a message from (mariia_RF) : (Показать описание факта)
[2021-05-31 08:19:53,488] > Got a message from (mariia_RF) : (Назад)
[2021-05-31 08:20:03,007] > Got a message from (mariia_RF) : (Выбрать интересы ⚙️)
[2021-05-31 08:21:10,968] > Got a message from (mariia_RF) : (Назад)
[2021-05-31 08:21:12,949] > Got a message from (mariia_RF) : (Сбросить интересы)
[2021-05-31 08:21:12,950] > Reset interests of (mariia_RF)
[2021-05-31 08:21:14,224] > Got a message from (mariia_RF) : (Выбрать интересы ⚙️)
[2021-05-31 08:22:05,788] > Got a message from (mariia_RF) : (Развлекательные центры)
[2021-05-31 08:22:09,475] > Got a message from (mariia_RF) : (Парки и аттракционы)
[2021-05-31 08:22:11,830] > Got a message from (mariia_RF) : (Музеи)
[2021-05-31 08:22:28,114] > Got a message from (mariia_RF) : (Назад)
[2021-05-31 08:22:35,384] > Got a message from (mariia_RF) : (Узнать интересную информацию 👀)
[2021-05-31 08:22:35,385] > Send some info to (mariia_RF)
[2021-05-31 08:22:51,052] > (mariia_RF set rating (5) to doc(30))
[2021-05-31 08:23:04,975] > Got a message from (mariia_RF) : (Узнать интересную информацию 👀)
[2021-05-31 08:23:04,975] > Send some info to (mariia_RF)
[2021-05-31 08:23:08,767] > (mariia_RF set rating (4) to doc(19))
[2021-05-31 08:23:16,522] > Got a message from (mariia_RF) : (Узнать интересную информацию 👀)
[2021-05-31 08:23:16,522] > Send some info to (mariia_RF)
[2021-05-31 08:23:22,105] > (mariia_RF set rating (3) to doc(10))
[2021-05-31 08:23:31,676] > Got a message from (mariia_RF) : (Помощь 💊)
[2021-05-31 08:23:31,677] > Send help to (mariia_RF)
[2021-05-31 08:24:24,221] > Got a message from (mariia_RF) : (Добавить тег)
[2021-05-31 08:32:29,802] > Got a message from (mariia_RF) : (Назад)
[2021-05-31 08:32:35,604] > Got a message from (mariia_RF) : (Сбросить интересы)
[2021-05-31 08:32:35,605] > Reset interests of (mariia_RF)
[2021-05-31 08:33:12,295] > Got a message from (mariia_RF) : (Помощь 💊)
[2021-05-31 08:33:12,296] > Send help to (mariia_RF)
[2021-05-31 08:33:27,248] > Got a message from (mariia_RF) : (Выбрать интересы ⚙️)
[2021-05-31 08:33:44,246] > Got a message from (mariia_RF) : (Назад)
[2021-05-31 08:33:51,107] > Start chatting with (mariia_RF)
[2021-05-31 08:33:59,399] > Got a message from (mariia_RF) : (Помощь 💊)
[2021-05-31 08:33:59,400] > Send help to (mariia_RF)
[2021-05-31 08:34:02,064] > Got a message from (mariia_RF) : (Выбрать интересы ⚙️)
[2021-05-31 08:34:05,441] > Got a message from (mariia_RF) : (8-13 лет)
[2021-05-31 08:34:14,760] > Got a message from (mariia_RF) : (Развлекательные центры)
[2021-05-31 08:34:17,423] > Got a message from (mariia_RF) : (Парки и аттракционы)
[2021-05-31 08:34:47,323] > Got a message from (mariia_RF) : (Назад)
[2021-05-31 08:34:51,111] > Got a message from (mariia_RF) : (Узнать интересную информацию 👀)
[2021-05-31 08:34:51,112] > Send some info to (mariia_RF)
[2021-05-31 08:34:56,233] > (mariia_RF set rating (4) to doc(23))
[2021-05-31 08:35:31,356] > Got a message from (mariia_RF) : (Узнать интересную информацию 👀)
[2021-05-31 08:35:31,359] > Send some info to (mariia_RF)
[2021-05-31 08:35:36,578] > (mariia_RF set rating (5) to doc(7))
[2021-05-31 08:36:06,999] > Got a message from (mariia_RF) : (Выбрать интересы ⚙️)
[2021-05-31 08:36:11,564] > Got a message from (mariia_RF) : (Зоопарки)
[2021-05-31 08:36:16,719] > Got a message from (mariia_RF) : (Назад)
[2021-05-31 08:36:20,130] > Got a message from (mariia_RF) : (Узнать интересную информацию 👀)
[2021-05-31 08:36:20,130] > Send some info to (mariia_RF)
[2021-05-31 08:36:29,521] > (mariia_RF set rating (5) to doc(18))
[2021-05-31 08:37:00,244] > Got a message from (mariia_RF) : (Посмотреть список фактов)
[2021-05-31 08:37:22,152] > Got a message from (mariia_RF) : (Посмотреть категории интересов)
